-------------------------------------------------------------------------------
Test set: tests.GetStartedTest
-------------------------------------------------------------------------------
Tests run: 1, Failures: 0, Errors: 1, Skipped: 0, Time elapsed: 18.872 s <<< FAILURE! - in tests.GetStartedTest
testPassThroghWelcome(tests.GetStartedTest)  Time elapsed: 18.872 s  <<< ERROR!
org.openqa.selenium.TimeoutException: 
Expected condition failed: 'Learn more about Wikipedia' link not found
 (tried for 10 second(s) with 500 milliseconds interval)
	at tests.GetStartedTest.testPassThroghWelcome(GetStartedTest.java:17)
Caused by: org.openqa.selenium.NoSuchElementException: 
An element could not be located on the page using the given search parameters.
For documentation on this error, please visit: https://www.seleniumhq.org/exceptions/no_such_element.html
Build info: version: '3.141.59', revision: 'e82be7d358', time: '2018-11-14T08:17:03'
System info: host: 'k-1927', ip: 'fe80:0:0:0:1c06:f40e:7368:ec33%en0', os.name: 'Mac OS X', os.arch: 'x86_64', os.version: '10.16', java.version: '1.8.0_282'
Driver info: io.appium.java_client.ios.IOSDriver
Capabilities {app: /Users/n.porotkova/GitHub/a..., browserName: , databaseEnabled: false, deviceName: iPhone 11, javascriptEnabled: true, locationContextEnabled: false, networkConnectionEnabled: false, orientation: PORTRAIT, platform: MAC, platformName: iOS, platformVersion: 14.5, takesScreenshot: true, udid: 898461AC-5E84-466F-A84B-D8F..., webStorageEnabled: false}
Session ID: e1c2704b-c03b-4a8a-a2f7-54008d0f45ef
*** Element info: {Using=-ios class chain, value=**/XCUIElementTypeStaticText[`label == 'Learn more about Wikipedia'`]}
	at tests.GetStartedTest.testPassThroghWelcome(GetStartedTest.java:17)

