-------------------------------------------------------------------------------
Test set: test.SearchTest
-------------------------------------------------------------------------------
Tests run: 8, Failures: 0, Errors: 3, Skipped: 0, Time elapsed: 117.199 s <<< FAILURE! - in test.SearchTest
testCheckSearchResultsForQuery(test.SearchTest)  Time elapsed: 24.746 s  <<< ERROR!
org.openqa.selenium.TimeoutException: 
Expected condition failed: No search result elements present
 (tried for 15 second(s) with 500 milliseconds interval)
	at test.SearchTest.testCheckSearchResultsForQuery_aroundBody12(SearchTest.java:141)
	at test.SearchTest.testCheckSearchResultsForQuery(SearchTest.java:133)
Caused by: org.openqa.selenium.NoSuchElementException: 
Cannot locate an element using By.xpath: //*[@class='android.view.ViewGroup'][@instance = 1]//descendant::android.widget.TextView[@resource-id = 'org.wikipedia:id/page_list_item_title']
For documentation on this error, please visit: http://seleniumhq.org/exceptions/no_such_element.html
Build info: version: '3.12.0', revision: '7c6e0b3', time: '2018-05-08T14:04:26.12Z'
System info: host: 'k-1927', ip: 'fe80:0:0:0:c53:5b91:dabb:6a40%en0', os.name: 'Mac OS X', os.arch: 'x86_64', os.version: '10.16', java.version: '1.8.0_282'
Driver info: driver.version: unknown
	at test.SearchTest.testCheckSearchResultsForQuery_aroundBody12(SearchTest.java:141)
	at test.SearchTest.testCheckSearchResultsForQuery(SearchTest.java:133)

testCheckSearchResultByTitleAndDescription(test.SearchTest)  Time elapsed: 10.808 s  <<< ERROR!
org.openqa.selenium.WebDriverException: 
An unknown server-side error occurred while processing the command. Original error: java.lang.ClassCastException: java.util.ArrayList$ListItr cannot be cast to org.eclipse.wst.xml.xpath2.processor.internal.types.NodeType
Build info: version: '3.12.0', revision: '7c6e0b3', time: '2018-05-08T14:04:26.12Z'
System info: host: 'k-1927', ip: 'fe80:0:0:0:c53:5b91:dabb:6a40%en0', os.name: 'Mac OS X', os.arch: 'x86_64', os.version: '10.16', java.version: '1.8.0_282'
Driver info: io.appium.java_client.android.AndroidDriver
Capabilities {app: /Users/n.porotkova/GitHub/a..., appActivity: .main.MainActivity, appPackage: org.wikipedia, automationName: Appium, databaseEnabled: false, desired: {app: /Users/n.porotkova/GitHub/a..., appActivity: .main.MainActivity, appPackage: org.wikipedia, automationName: Appium, deviceName: emulator-5554, orientation: PORTRAIT, platformName: android, platformVersion: 10}, deviceApiLevel: 29, deviceManufacturer: Google, deviceModel: Android SDK built for x86, deviceName: emulator-5554, deviceScreenDensity: 420, deviceScreenSize: 1080x1920, deviceUDID: emulator-5554, javascriptEnabled: true, locationContextEnabled: false, networkConnectionEnabled: true, orientation: PORTRAIT, pixelRatio: 2.625, platform: LINUX, platformName: Android, platformVersion: 10, statBarHeight: 63, takesScreenshot: true, viewportRect: {height: 1731, left: 0, top: 63, width: 1080}, warnings: {}, webStorageEnabled: false}
Session ID: 00160643-02fd-4adc-87d0-0943a9b7431b
*** Element info: {Using=xpath, value=//*[@resource-id='org.wikipedia:id/page_list_item_title'][contains(@text,'Meme')]//following::android.widget.TextView[@resource-id = 'org.wikipedia:id/page_list_item_description'][contains(@text,'Thought or idea that can be shared, in analogy to a gene')]}
	at test.SearchTest.testCheckSearchResultByTitleAndDescription_aroundBody14(SearchTest.java:173)
	at test.SearchTest.testCheckSearchResultByTitleAndDescription(SearchTest.java:167)

testCheckSearchResultsAndCancelSearch(test.SearchTest)  Time elapsed: 24.006 s  <<< ERROR!
org.openqa.selenium.TimeoutException: 
Expected condition failed: 1 article wasn't found on search result page
 (tried for 15 second(s) with 500 milliseconds interval)
	at test.SearchTest.testCheckSearchResultsAndCancelSearch_aroundBody10(SearchTest.java:116)
	at test.SearchTest.testCheckSearchResultsAndCancelSearch(SearchTest.java:110)
Caused by: org.openqa.selenium.NoSuchElementException: 
Cannot locate an element using By.xpath: //*[@class='android.view.ViewGroup'][@instance = 1]//descendant::android.widget.TextView[@resource-id = 'org.wikipedia:id/page_list_item_title']
For documentation on this error, please visit: http://seleniumhq.org/exceptions/no_such_element.html
Build info: version: '3.12.0', revision: '7c6e0b3', time: '2018-05-08T14:04:26.12Z'
System info: host: 'k-1927', ip: 'fe80:0:0:0:c53:5b91:dabb:6a40%en0', os.name: 'Mac OS X', os.arch: 'x86_64', os.version: '10.16', java.version: '1.8.0_282'
Driver info: driver.version: unknown
	at test.SearchTest.testCheckSearchResultsAndCancelSearch_aroundBody10(SearchTest.java:116)
	at test.SearchTest.testCheckSearchResultsAndCancelSearch(SearchTest.java:110)

